python train_resnet50_stanford_cars.py 
/home/bwiec/sandbox/ece5831-2024-final-project/.venv/lib/python3.10/site-packages/torchvision/models/_utils.py:208: UserWarning: The parameter 'pretrained' is deprecated since 0.13 and may be removed in the future, please use 'weights' instead.
  warnings.warn(
/home/bwiec/sandbox/ece5831-2024-final-project/.venv/lib/python3.10/site-packages/torchvision/models/_utils.py:223: UserWarning: Arguments other than a weight enum or `None` for 'weights' are deprecated since 0.13 and may be removed in the future. The current behavior is equivalent to passing `weights=ResNet50_Weights.IMAGENET1K_V1`. You can also use `weights=ResNet50_Weights.DEFAULT` to get the most up-to-date weights.
  warnings.warn(msg)
Starting training
Epoch [1/10], Loss: 5.0691, Accuracy: 5.07%
Validation Accuracy: 20.38%

Starting training
Epoch [2/10], Loss: 3.9681, Accuracy: 17.37%
Validation Accuracy: 34.14%

Starting training
Epoch [3/10], Loss: 3.4618, Accuracy: 24.69%
Validation Accuracy: 46.06%

Starting training
Epoch [4/10], Loss: 3.1530, Accuracy: 29.87%
Validation Accuracy: 46.21%

Starting training
Epoch [5/10], Loss: 2.9431, Accuracy: 33.41%
Validation Accuracy: 50.14%

Starting training
Epoch [6/10], Loss: 2.7656, Accuracy: 36.33%
Validation Accuracy: 54.64%

Starting training
Epoch [7/10], Loss: 2.6446, Accuracy: 38.99%
Validation Accuracy: 54.64%

Starting training
Epoch [8/10], Loss: 2.5794, Accuracy: 39.29%
Validation Accuracy: 58.72%

Starting training
Epoch [9/10], Loss: 2.4815, Accuracy: 41.27%
Validation Accuracy: 62.09%

Starting training
Epoch [10/10], Loss: 2.3975, Accuracy: 43.19%
Validation Accuracy: 62.97%